c:\users\user\desktop\github\2024_aie_physics\aiebootstrap-2024\temp\bootstrap\x64\debug\bootstrap.pdb
c:\users\user\desktop\github\2024_aie_physics\aiebootstrap-2024\temp\bootstrap\x64\debug\bootstrap.idb
c:\users\user\desktop\github\2024_aie_physics\aiebootstrap-2024\temp\bootstrap\x64\debug\texture.obj
c:\users\user\desktop\github\2024_aie_physics\aiebootstrap-2024\temp\bootstrap\x64\debug\renderer2d.obj
c:\users\user\desktop\github\2024_aie_physics\aiebootstrap-2024\temp\bootstrap\x64\debug\input.obj
c:\users\user\desktop\github\2024_aie_physics\aiebootstrap-2024\temp\bootstrap\x64\debug\imgui_glfw3.obj
c:\users\user\desktop\github\2024_aie_physics\aiebootstrap-2024\temp\bootstrap\x64\debug\gizmos.obj
c:\users\user\desktop\github\2024_aie_physics\aiebootstrap-2024\temp\bootstrap\x64\debug\font.obj
c:\users\user\desktop\github\2024_aie_physics\aiebootstrap-2024\temp\bootstrap\x64\debug\application.obj
c:\users\user\desktop\github\2024_aie_physics\aiebootstrap-2024\temp\bootstrap\x64\debug\imgui_draw.obj
c:\users\user\desktop\github\2024_aie_physics\aiebootstrap-2024\temp\bootstrap\x64\debug\imgui.obj
c:\users\user\desktop\github\2024_aie_physics\aiebootstrap-2024\temp\bootstrap\x64\debug\gl_core_4_4.obj
c:\users\user\desktop\github\2024_aie_physics\aiebootstrap-2024\temp\bootstrap\x64\debug\bootstrap.lib
c:\users\user\desktop\github\2024_aie_physics\aiebootstrap-2024\temp\bootstrap\x64\debug\bootstrap.vcxproj.filelistabsolute.txt
c:\users\user\desktop\github\2024_aie_physics\aiebootstrap-2024\temp\bootstrap\x64\debug\bootstrap.tlog\cl.command.1.tlog
c:\users\user\desktop\github\2024_aie_physics\aiebootstrap-2024\temp\bootstrap\x64\debug\bootstrap.tlog\cl.read.1.tlog
c:\users\user\desktop\github\2024_aie_physics\aiebootstrap-2024\temp\bootstrap\x64\debug\bootstrap.tlog\cl.write.1.tlog
c:\users\user\desktop\github\2024_aie_physics\aiebootstrap-2024\temp\bootstrap\x64\debug\bootstrap.tlog\lib-link.read.1.tlog
c:\users\user\desktop\github\2024_aie_physics\aiebootstrap-2024\temp\bootstrap\x64\debug\bootstrap.tlog\lib-link.write.1.tlog
c:\users\user\desktop\github\2024_aie_physics\aiebootstrap-2024\temp\bootstrap\x64\debug\bootstrap.tlog\lib.command.1.tlog
